<?xml version="1.0" encoding="UTF-8"?>
<testsuite xmlns:xsi="http://www.w3.org/2001/XMLSchema-instance" xsi:noNamespaceSchemaLocation="https://maven.apache.org/surefire/maven-surefire-plugin/xsd/surefire-test-report.xsd" name="com.spe.project.CalculatorTest" time="0.07" tests="4" errors="0" skipped="0" failures="0">
  <properties>
[...]
</properties>
  <testcase name="LogTruePositive" classname="com.spe.project.CalculatorTest" time="0.004"/>
  <testcase name="PowerTruePositive" classname="com.spe.project.CalculatorTest" time="0"/>
  <testcase name="SquareTruePositive" classname="com.spe.project.CalculatorTest" time="0"/>
  <testcase name="FactorialTruePositive" classname="com.spe.project.CalculatorTest" time="0.001"/>
</testsuite>